
12월 14, 2021 14:30:56.895 NEW SESSION
12월 14, 2021 14:30:56.895 [5948:580:1214/143056.893:ERROR:chrome_browser_main_extra_parts_metrics.cc(226)] crbug.com/1216328: Checking Bluetooth availability started. Please report if there is no report that this ends.
12월 14, 2021 14:30:56.896 [5948:580:1214/143056.893:ERROR:chrome_browser_main_extra_parts_metrics.cc(229)] crbug.com/1216328: Checking Bluetooth availability ended.
12월 14, 2021 14:30:56.896 [5948:580:1214/143056.893:ERROR:chrome_browser_main_extra_parts_metrics.cc(232)] crbug.com/1216328: Checking default browser status started. Please report if there is no report that this ends.
12월 14, 2021 14:30:56.897 [5948:580:1214/143056.894:ERROR:chrome_browser_main_extra_parts_metrics.cc(236)] crbug.com/1216328: Checking default browser status ended.
12월 14, 2021 14:30:56.911 [5948:6492:1214/143056.910:ERROR:device_event_log_impl.cc(214)] [14:30:56.911] Bluetooth: bluetooth_adapter_winrt.cc:1075 Getting Default Adapter failed.

12월 17, 2021 14:28:42.591 NEW SESSION
12월 17, 2021 14:28:42.591 [4656:8232:1217/142842.589:ERROR:chrome_browser_main_extra_parts_metrics.cc(226)] crbug.com/1216328: Checking Bluetooth availability started. Please report if there is no report that this ends.
12월 17, 2021 14:28:42.592 [4656:8232:1217/142842.589:ERROR:chrome_browser_main_extra_parts_metrics.cc(229)] crbug.com/1216328: Checking Bluetooth availability ended.
12월 17, 2021 14:28:42.592 [4656:8232:1217/142842.589:ERROR:chrome_browser_main_extra_parts_metrics.cc(232)] crbug.com/1216328: Checking default browser status started. Please report if there is no report that this ends.
12월 17, 2021 14:28:42.593 [4656:8232:1217/142842.592:ERROR:chrome_browser_main_extra_parts_metrics.cc(236)] crbug.com/1216328: Checking default browser status ended.
12월 17, 2021 14:28:42.612 [4656:1728:1217/142842.612:ERROR:device_event_log_impl.cc(214)] [14:28:42.611] Bluetooth: bluetooth_adapter_winrt.cc:1075 Getting Default Adapter failed.

12월 22, 2021 13:48:12.971 NEW SESSION
12월 22, 2021 13:48:12.971 [12468:16240:1222/134812.968:ERROR:chrome_browser_main_extra_parts_metrics.cc(226)] crbug.com/1216328: Checking Bluetooth availability started. Please report if there is no report that this ends.
12월 22, 2021 13:48:12.971 [12468:16240:1222/134812.968:ERROR:chrome_browser_main_extra_parts_metrics.cc(229)] crbug.com/1216328: Checking Bluetooth availability ended.
12월 22, 2021 13:48:12.972 [12468:16240:1222/134812.968:ERROR:chrome_browser_main_extra_parts_metrics.cc(232)] crbug.com/1216328: Checking default browser status started. Please report if there is no report that this ends.
12월 22, 2021 13:48:12.972 [12468:16240:1222/134812.971:ERROR:chrome_browser_main_extra_parts_metrics.cc(236)] crbug.com/1216328: Checking default browser status ended.
12월 22, 2021 13:48:12.999 [12468:9120:1222/134812.999:ERROR:device_event_log_impl.cc(214)] [13:48:12.999] Bluetooth: bluetooth_adapter_winrt.cc:1075 Getting Default Adapter failed.
12월 22, 2021 13:53:05.161 [12468:9120:1222/135305.161:ERROR:interface_endpoint_client.cc(658)] Message 1 rejected by interface blink.mojom.WidgetHost

12월 23, 2021 13:42:11.609 NEW SESSION
12월 23, 2021 13:42:11.610 [14868:8256:1223/134211.607:ERROR:chrome_browser_main_extra_parts_metrics.cc(226)] crbug.com/1216328: Checking Bluetooth availability started. Please report if there is no report that this ends.
12월 23, 2021 13:42:11.610 [14868:8256:1223/134211.607:ERROR:chrome_browser_main_extra_parts_metrics.cc(229)] crbug.com/1216328: Checking Bluetooth availability ended.
12월 23, 2021 13:42:11.611 [14868:8256:1223/134211.607:ERROR:chrome_browser_main_extra_parts_metrics.cc(232)] crbug.com/1216328: Checking default browser status started. Please report if there is no report that this ends.
12월 23, 2021 13:42:11.611 [14868:8256:1223/134211.611:ERROR:chrome_browser_main_extra_parts_metrics.cc(236)] crbug.com/1216328: Checking default browser status ended.
12월 23, 2021 13:42:11.639 [14868:12476:1223/134211.638:ERROR:device_event_log_impl.cc(214)] [13:42:11.638] Bluetooth: bluetooth_adapter_winrt.cc:1075 Getting Default Adapter failed.

12월 23, 2021 13:58:04.387 NEW SESSION
12월 23, 2021 13:58:04.387 [11816:7216:1223/135804.385:ERROR:chrome_browser_main_extra_parts_metrics.cc(226)] crbug.com/1216328: Checking Bluetooth availability started. Please report if there is no report that this ends.
12월 23, 2021 13:58:04.387 [11816:7216:1223/135804.385:ERROR:chrome_browser_main_extra_parts_metrics.cc(229)] crbug.com/1216328: Checking Bluetooth availability ended.
12월 23, 2021 13:58:04.388 [11816:7216:1223/135804.385:ERROR:chrome_browser_main_extra_parts_metrics.cc(232)] crbug.com/1216328: Checking default browser status started. Please report if there is no report that this ends.
12월 23, 2021 13:58:04.388 [11816:7216:1223/135804.388:ERROR:chrome_browser_main_extra_parts_metrics.cc(236)] crbug.com/1216328: Checking default browser status ended.
12월 23, 2021 13:58:04.413 [11816:2920:1223/135804.413:ERROR:device_event_log_impl.cc(214)] [13:58:04.413] Bluetooth: bluetooth_adapter_winrt.cc:1075 Getting Default Adapter failed.
12월 23, 2021 14:52:14.610 [6016:2928:1223/145214.610:ERROR:chrome_browser_main_extra_parts_metrics.cc(226)] crbug.com/1216328: Checking Bluetooth availability started. Please report if there is no report that this ends.
12월 23, 2021 14:52:14.611 [6016:2928:1223/145214.610:ERROR:chrome_browser_main_extra_parts_metrics.cc(229)] crbug.com/1216328: Checking Bluetooth availability ended.
12월 23, 2021 14:52:14.611 [6016:2928:1223/145214.610:ERROR:chrome_browser_main_extra_parts_metrics.cc(232)] crbug.com/1216328: Checking default browser status started. Please report if there is no report that this ends.
12월 23, 2021 14:52:14.614 [6016:2928:1223/145214.613:ERROR:chrome_browser_main_extra_parts_metrics.cc(236)] crbug.com/1216328: Checking default browser status ended.
12월 23, 2021 14:52:14.645 [6016:6620:1223/145214.645:ERROR:device_event_log_impl.cc(214)] [14:52:14.645] Bluetooth: bluetooth_adapter_winrt.cc:1075 Getting Default Adapter failed.
12월 23, 2021 15:24:28.553 [11364:6160:1223/152428.553:ERROR:chrome_browser_main_extra_parts_metrics.cc(226)] crbug.com/1216328: Checking Bluetooth availability started. Please report if there is no report that this ends.
12월 23, 2021 15:24:28.554 [11364:6160:1223/152428.553:ERROR:chrome_browser_main_extra_parts_metrics.cc(229)] crbug.com/1216328: Checking Bluetooth availability ended.
12월 23, 2021 15:24:28.554 [11364:6160:1223/152428.553:ERROR:chrome_browser_main_extra_parts_metrics.cc(232)] crbug.com/1216328: Checking default browser status started. Please report if there is no report that this ends.
12월 23, 2021 15:24:28.557 [11364:6160:1223/152428.556:ERROR:chrome_browser_main_extra_parts_metrics.cc(236)] crbug.com/1216328: Checking default browser status ended.
12월 23, 2021 15:24:28.581 [11364:10064:1223/152428.581:ERROR:device_event_log_impl.cc(214)] [15:24:28.581] Bluetooth: bluetooth_adapter_winrt.cc:1075 Getting Default Adapter failed.
12월 23, 2021 15:37:02.190 [11364:10064:1223/153702.189:ERROR:interface_endpoint_client.cc(658)] Message 1 rejected by interface blink.mojom.WidgetHost
12월 23, 2021 16:15:19.439 [11364:14960:1223/161519.439:ERROR:database.cc(1773)] Passwords SQLite error: code 2067 errno 0: UNIQUE constraint failed: logins.origin_url, logins.username_element, logins.username_value, logins.password_element, logins.signon_realm sql: INSERT INTO logins (origin_url, action_url, username_element, username_value, password_element, password_value, submit_element, signon_realm, date_created, blacklisted_by_user, scheme, password_type, times_used, form_data, display_name, icon_url, federation_url, skip_zero_click, generation_upload_status, possible_username_pairs, id, date_last_used, moving_blocked_for, date_password_modified) VALUES (?,?,?,?,?,?,?,?,?,?,?,?,?,?,?,?,?,?,?,?,?,?,?,?)
12월 23, 2021 16:26:42.257 [11364:10064:1223/162642.256:ERROR:interface_endpoint_client.cc(658)] Message 1 rejected by interface blink.mojom.WidgetHost
12월 23, 2021 16:27:14.520 [11364:10064:1223/162714.519:ERROR:interface_endpoint_client.cc(658)] Message 1 rejected by interface blink.mojom.WidgetHost
12월 23, 2021 16:31:34.550 [11364:4772:1223/163134.549:ERROR:database.cc(1773)] Passwords SQLite error: code 2067 errno 0: UNIQUE constraint failed: logins.origin_url, logins.username_element, logins.username_value, logins.password_element, logins.signon_realm sql: INSERT INTO logins (origin_url, action_url, username_element, username_value, password_element, password_value, submit_element, signon_realm, date_created, blacklisted_by_user, scheme, password_type, times_used, form_data, display_name, icon_url, federation_url, skip_zero_click, generation_upload_status, possible_username_pairs, id, date_last_used, moving_blocked_for, date_password_modified) VALUES (?,?,?,?,?,?,?,?,?,?,?,?,?,?,?,?,?,?,?,?,?,?,?,?)
12월 23, 2021 16:35:42.776 [11364:8660:1223/163542.776:ERROR:database.cc(1773)] Passwords SQLite error: code 2067 errno 0: UNIQUE constraint failed: logins.origin_url, logins.username_element, logins.username_value, logins.password_element, logins.signon_realm sql: INSERT INTO logins (origin_url, action_url, username_element, username_value, password_element, password_value, submit_element, signon_realm, date_created, blacklisted_by_user, scheme, password_type, times_used, form_data, display_name, icon_url, federation_url, skip_zero_click, generation_upload_status, possible_username_pairs, id, date_last_used, moving_blocked_for, date_password_modified) VALUES (?,?,?,?,?,?,?,?,?,?,?,?,?,?,?,?,?,?,?,?,?,?,?,?)
12월 23, 2021 17:13:10.721 [11364:2860:1223/171310.721:ERROR:database.cc(1773)] Passwords SQLite error: code 2067 errno 0: UNIQUE constraint failed: logins.origin_url, logins.username_element, logins.username_value, logins.password_element, logins.signon_realm sql: INSERT INTO logins (origin_url, action_url, username_element, username_value, password_element, password_value, submit_element, signon_realm, date_created, blacklisted_by_user, scheme, password_type, times_used, form_data, display_name, icon_url, federation_url, skip_zero_click, generation_upload_status, possible_username_pairs, id, date_last_used, moving_blocked_for, date_password_modified) VALUES (?,?,?,?,?,?,?,?,?,?,?,?,?,?,?,?,?,?,?,?,?,?,?,?)
12월 23, 2021 17:20:41.797 [11364:10064:1223/172041.797:ERROR:interface_endpoint_client.cc(658)] Message 1 rejected by interface blink.mojom.WidgetHost
12월 23, 2021 17:21:54.440 [11364:10064:1223/172154.440:ERROR:device_event_log_impl.cc(214)] [17:21:54.452] USB: usb_service_win.cc:261 Failed to get device driver name: 요소가 없습니다. (0x490)
